Determining if the pthread_create exist failed with the following output:
Change Dir: /home/zs2/slam_ws/src/slambook/ch6/zs_dbot_fitting/build/CMakeFiles/CMakeTmp

Run Build Command:"/usr/bin/make" "cmTC_0f174/fast"
/usr/bin/make -f CMakeFiles/cmTC_0f174.dir/build.make CMakeFiles/cmTC_0f174.dir/build
make[1]: Entering directory '/home/zs2/slam_ws/src/slambook/ch6/zs_dbot_fitting/build/CMakeFiles/CMakeTmp'
Building C object CMakeFiles/cmTC_0f174.dir/CheckSymbolExists.c.o
/usr/bin/cc     -o CMakeFiles/cmTC_0f174.dir/CheckSymbolExists.c.o   -c /home/zs2/slam_ws/src/slambook/ch6/zs_dbot_fitting/build/CMakeFiles/CMakeTmp/CheckSymbolExists.c
Linking C executable cmTC_0f174
/usr/bin/cmake -E cmake_link_script CMakeFiles/cmTC_0f174.dir/link.txt --verbose=1
/usr/bin/cc       CMakeFiles/cmTC_0f174.dir/CheckSymbolExists.c.o  -o cmTC_0f174 -rdynamic 
CMakeFiles/cmTC_0f174.dir/CheckSymbolExists.c.o: In function `main':
CheckSymbolExists.c:(.text+0x16): undefined reference to `pthread_create'
collect2: error: ld returned 1 exit status
CMakeFiles/cmTC_0f174.dir/build.make:97: recipe for target 'cmTC_0f174' failed
make[1]: *** [cmTC_0f174] Error 1
make[1]: Leaving directory '/home/zs2/slam_ws/src/slambook/ch6/zs_dbot_fitting/build/CMakeFiles/CMakeTmp'
Makefile:126: recipe for target 'cmTC_0f174/fast' failed
make: *** [cmTC_0f174/fast] Error 2

File /home/zs2/slam_ws/src/slambook/ch6/zs_dbot_fitting/build/CMakeFiles/CMakeTmp/CheckSymbolExists.c:
/* */
#include <pthread.h>

int main(int argc, char** argv)
{
  (void)argv;
#ifndef pthread_create
  return ((int*)(&pthread_create))[argc];
#else
  (void)argc;
  return 0;
#endif
}

Determining if the function pthread_create exists in the pthreads failed with the following output:
Change Dir: /home/zs2/slam_ws/src/slambook/ch6/zs_dbot_fitting/build/CMakeFiles/CMakeTmp

Run Build Command:"/usr/bin/make" "cmTC_ce3d0/fast"
/usr/bin/make -f CMakeFiles/cmTC_ce3d0.dir/build.make CMakeFiles/cmTC_ce3d0.dir/build
make[1]: Entering directory '/home/zs2/slam_ws/src/slambook/ch6/zs_dbot_fitting/build/CMakeFiles/CMakeTmp'
Building C object CMakeFiles/cmTC_ce3d0.dir/CheckFunctionExists.c.o
/usr/bin/cc    -DCHECK_FUNCTION_EXISTS=pthread_create   -o CMakeFiles/cmTC_ce3d0.dir/CheckFunctionExists.c.o   -c /usr/share/cmake-3.5/Modules/CheckFunctionExists.c
Linking C executable cmTC_ce3d0
/usr/bin/cmake -E cmake_link_script CMakeFiles/cmTC_ce3d0.dir/link.txt --verbose=1
/usr/bin/cc   -DCHECK_FUNCTION_EXISTS=pthread_create    CMakeFiles/cmTC_ce3d0.dir/CheckFunctionExists.c.o  -o cmTC_ce3d0 -rdynamic -lpthreads 
/usr/bin/ld: cannot find -lpthreads
collect2: error: ld returned 1 exit status
CMakeFiles/cmTC_ce3d0.dir/build.make:97: recipe for target 'cmTC_ce3d0' failed
make[1]: *** [cmTC_ce3d0] Error 1
make[1]: Leaving directory '/home/zs2/slam_ws/src/slambook/ch6/zs_dbot_fitting/build/CMakeFiles/CMakeTmp'
Makefile:126: recipe for target 'cmTC_ce3d0/fast' failed
make: *** [cmTC_ce3d0/fast] Error 2


